[32m2026-05-08 21:19:31.890[0m | [1mINFO    [0m | [36m__main__[0m:[36mmain[0m:[36m135[0m - [1musing maps from C:\Users\vince\OneDrive\Documents\StarCraft II\Maps[0m
[32m2026-05-08 21:19:31.890[0m | [1mINFO    [0m | [36m__main__[0m:[36mmain[0m:[36m211[0m - [1mStarting local game on a random map vs Race.Protoss (Easy)...[0m
[32m2026-05-08 21:19:41.993[0m | [1mINFO    [0m | [36msc2.protocol[0m:[36m_execute[0m:[36m78[0m - [1mClient status changed to Status.launched (was None)[0m
[32m2026-05-08 21:19:41.993[0m | [1mINFO    [0m | [36msc2.controller[0m:[36mcreate_game[0m:[36m41[0m - [1mCreating new game[0m
[32m2026-05-08 21:19:41.993[0m | [1mINFO    [0m | [36msc2.controller[0m:[36mcreate_game[0m:[36m42[0m - [1mMap:     LeyLinesAIE[0m
[32m2026-05-08 21:19:41.993[0m | [1mINFO    [0m | [36msc2.controller[0m:[36mcreate_game[0m:[36m43[0m - [1mPlayers: Bot SC2Agent(Terran), name='SC2Agent'), Computer Easy(Protoss, Macro)[0m
[32m2026-05-08 21:19:42.000[0m | [1mINFO    [0m | [36msc2.protocol[0m:[36m_execute[0m:[36m78[0m - [1mClient status changed to Status.init_game (was Status.launched)[0m
[32m2026-05-08 21:19:50.560[0m | [1mINFO    [0m | [36msc2.protocol[0m:[36m_execute[0m:[36m78[0m - [1mClient status changed to Status.in_game (was None)[0m
[32m2026-05-08 21:19:50.560[0m | [1mINFO    [0m | [36msc2.main[0m:[36m_play_game[0m:[36m228[0m - [1mPlayer 1 - SC2Agent[0m
[32m2026-05-08 21:19:51.336[0m | [1mINFO    [0m | [36mmap_analyzer.MapData[0m:[36m__init__[0m:[36m113[0m - [1mCompiling Ley Lines AIE [32m[0m
[32m2026-05-08 21:19:51.780[0m | [1mINFO    [0m | [36mares.managers.data_manager[0m:[36m_choose_opening[0m:[36m228[0m - [1mWinrate for TvZ: 0.1[0m
[32m2026-05-08 21:19:51.780[0m | [1mINFO    [0m | [36mares.managers.data_manager[0m:[36m_choose_opening[0m:[36m244[0m - [1mUsing TvZ with a winrate of 0.1[0m
[32m2026-05-08 21:19:51.831[0m | [1mINFO    [0m | [36mares.managers.placement_manager[0m:[36minitialise[0m:[36m258[0m - [1mSolved placement formation in 28.984785079956055 ms[0m
[32m2026-05-08 21:19:51.834[0m | [1mINFO    [0m | [36mares.build_runner.build_order_runner[0m:[36mconfigure_opening_from_yml_file[0m:[36m133[0m - [1m00:00: Running build from yml file: TvZ[0m
[32m2026-05-08 21:19:51.834[0m | [1mINFO    [0m | [36mbot.main[0m:[36mon_start[0m:[36m64[0m - [1mon_start: matchup=TvP, opponent_id=unknown[0m
[32m2026-05-08 21:19:51.835[0m | [1mINFO    [0m | [36mbot.main[0m:[36mon_start[0m:[36m71[0m - [1mpriors loaded: 2 prior matches, confidence=0.10[0m
[32m2026-05-08 21:19:51.835[0m | [1mINFO    [0m | [36mbot.main[0m:[36mon_start[0m:[36m78[0m - [1mplaybook loaded: TvP (17 build steps, 6 reactions)[0m
[32m2026-05-08 21:19:51.836[0m | [33m[1mWARNING [0m | [36mbot.main[0m:[36m_switch_to_matchup_build[0m:[36m179[0m - [33m[1mbuild: switch_opening('TvP') failed (Trying to parse an opening called TvP but I can't find it. Spelling perhaps?); ares will use Cycle/Winrate default[0m
[32m2026-05-08 21:19:51.836[0m | [1mINFO    [0m | [36mbot.main[0m:[36mon_start[0m:[36m105[0m - [1mbuild_runner: chosen_opening=TvP, parsed_steps=21[0m
[32m2026-05-08 21:19:51.836[0m | [1mINFO    [0m | [36mbot.main[0m:[36mon_start[0m:[36m111[0m - [1mbuild_runner: first steps = ['14@UnitTypeId.SUPPLYDEPOT', '16@UnitTypeId.BARRACKS', '16@UnitTypeId.REFINERY', '18@UnitTypeId.BARRACKSTECHLAB', '19@UnitTypeId.REAPER', '20@AbilityId.UPGRADETOORBITAL_ORBITALCOMMAND'][0m
[32m2026-05-08 21:19:51.868[0m | [1mINFO    [0m | [36mbot.strategy[0m:[36m_log_status_periodically[0m:[36m331[0m - [1mstrategy t=000.0s phase=early army=0/25 (HOLD) target=(42,40) unit_count=0[0m
[32m2026-05-08 21:19:51.868[0m | [1mINFO    [0m | [36mbot.strategy[0m:[36m_log_production_diagnostics[0m:[36m413[0m - [1mprod t=000.0s | min=0 gas=0 | supply=12/15(3 left) | workers=12(0 idle)[0m
[32m2026-05-08 21:19:55.534[0m | [1mINFO    [0m | [36mbot.strategy[0m:[36m_log_production_diagnostics[0m:[36m413[0m - [1mprod t=015.0s | min=5 gas=0 | supply=14/15(1 left) | workers=13(2 idle)[0m
[32m2026-05-08 21:19:59.131[0m | [1mINFO    [0m | [36mbot.strategy[0m:[36m_log_status_periodically[0m:[36m331[0m - [1mstrategy t=030.0s phase=early army=0/25 (HOLD) target=(42,40) unit_count=0[0m
[32m2026-05-08 21:19:59.131[0m | [1mINFO    [0m | [36mbot.strategy[0m:[36m_log_production_diagnostics[0m:[36m413[0m - [1mprod t=030.0s | min=30 gas=0 | supply=15/15(0 left) | workers=14(2 idle) | [SUPPLY-BLOCKED][0m
[32m2026-05-08 21:20:01.159[0m | [1mINFO    [0m | [36mares.build_runner.build_order_runner[0m:[36mdo_step[0m:[36m513[0m - [1m15 00:37 SUPPLYDEPOT[0m
[32m2026-05-08 21:20:02.895[0m | [1mINFO    [0m | [36mbot.strategy[0m:[36m_log_production_diagnostics[0m:[36m413[0m - [1mprod t=045.1s | min=85 gas=20 | supply=15/15(0 left) | workers=14(1 idle) | [SUPPLY-BLOCKED][0m
[32m2026-05-08 21:20:06.137[0m | [1mINFO    [0m | [36mares.behaviors.macro.tech_up[0m:[36mexecute[0m:[36m124[0m - [1m00:59 Building UnitTypeId.BARRACKS for UnitTypeId.MARINE[0m
[32m2026-05-08 21:20:06.347[0m | [1mINFO    [0m | [36mbot.strategy[0m:[36m_log_status_periodically[0m:[36m331[0m - [1mstrategy t=060.0s phase=early army=0/25 (HOLD) target=(42,40) unit_count=0[0m
[32m2026-05-08 21:20:06.361[0m | [1mINFO    [0m | [36mbot.strategy[0m:[36m_log_production_diagnostics[0m:[36m413[0m - [1mprod t=060.1s | min=50 gas=92 | supply=16/23(7 left) | workers=13(0 idle)[0m
[32m2026-05-08 21:20:09.936[0m | [1mINFO    [0m | [36mbot.strategy[0m:[36m_log_production_diagnostics[0m:[36m413[0m - [1mprod t=075.1s | min=60 gas=172 | supply=17/31(14 left) | workers=14(1 idle)[0m
[32m2026-05-08 21:20:12.282[0m | [1mINFO    [0m | [36mares.build_runner.build_order_runner[0m:[36mdo_step[0m:[36m513[0m - [1m18 01:25 BARRACKS[0m
[32m2026-05-08 21:20:13.537[0m | [1mINFO    [0m | [36mbot.strategy[0m:[36m_log_status_periodically[0m:[36m331[0m - [1mstrategy t=090.1s phase=early army=0/25 (HOLD) target=(42,40) unit_count=0[0m
[32m2026-05-08 21:20:13.537[0m | [1mINFO    [0m | [36mbot.strategy[0m:[36m_log_production_diagnostics[0m:[36m413[0m - [1mprod t=090.1s | min=40 gas=252 | supply=18/31(13 left) | workers=15(1 idle) | buildings: barracks=0/1(idle=0)[0m
[32m2026-05-08 21:20:17.572[0m | [1mINFO    [0m | [36mbot.strategy[0m:[36m_log_production_diagnostics[0m:[36m413[0m - [1mprod t=105.1s | min=105 gas=332 | supply=19/31(12 left) | workers=16(1 idle) | buildings: barracks=0/1(idle=0)[0m
[32m2026-05-08 21:20:21.360[0m | [1mINFO    [0m | [36mbot.strategy[0m:[36m_log_status_periodically[0m:[36m331[0m - [1mstrategy t=120.1s phase=early army=0/25 (HOLD) target=(42,40) unit_count=0[0m
[32m2026-05-08 21:20:21.360[0m | [1mINFO    [0m | [36mbot.strategy[0m:[36m_log_production_diagnostics[0m:[36m413[0m - [1mprod t=120.1s | min=25 gas=420 | supply=21/31(10 left) | workers=20(0 idle) | buildings: barracks=0/2(idle=0)[0m
[32m2026-05-08 21:20:25.333[0m | [1mINFO    [0m | [36mbot.strategy[0m:[36m_log_production_diagnostics[0m:[36m413[0m - [1mprod t=135.1s | min=160 gas=500 | supply=23/31(8 left) | workers=19(0 idle) | buildings: barracks=1/2(idle=0)[0m
[32m2026-05-08 21:20:29.419[0m | [1mINFO    [0m | [36mbot.strategy[0m:[36m_log_status_periodically[0m:[36m331[0m - [1mstrategy t=150.1s phase=early army=1/25 (HOLD) target=(42,40) unit_count=1[0m
[32m2026-05-08 21:20:29.419[0m | [1mINFO    [0m | [36mbot.strategy[0m:[36m_log_production_diagnostics[0m:[36m413[0m - [1mprod t=150.1s | min=250 gas=580 | supply=25/31(6 left) | workers=20(0 idle) | buildings: barracks=1/2(idle=0)[0m
[32m2026-05-08 21:20:32.775[0m | [1mINFO    [0m | [36mares.behaviors.macro.production_controller[0m:[36mexecute[0m:[36m222[0m - [1m02:39 Adding UnitTypeId.BARRACKS so that we can build more UnitTypeId.REAPER. Current proportion: 0.0 Target proportion: 0.4[0m
[32m2026-05-08 21:20:34.879[0m | [1mINFO    [0m | [36mbot.strategy[0m:[36m_log_production_diagnostics[0m:[36m413[0m - [1mprod t=165.1s | min=175 gas=660 | supply=27/31(4 left) | workers=21(1 idle) | buildings: barracks=2/3(idle=0)[0m
[32m2026-05-08 21:20:40.608[0m | [1mINFO    [0m | [36mbot.strategy[0m:[36m_log_status_periodically[0m:[36m331[0m - [1mstrategy t=180.1s phase=early army=3/25 (HOLD) target=(42,40) unit_count=3[0m
[32m2026-05-08 21:20:40.608[0m | [1mINFO    [0m | [36mbot.strategy[0m:[36m_log_production_diagnostics[0m:[36m413[0m - [1mprod t=180.1s | min=210 gas=740 | supply=30/39(9 left) | workers=22(1 idle) | buildings: barracks=2/3(idle=0)[0m
[32m2026-05-08 21:20:46.039[0m | [1mINFO    [0m | [36mbot.strategy[0m:[36m_log_production_diagnostics[0m:[36m413[0m - [1mprod t=195.1s | min=245 gas=824 | supply=34/39(5 left) | workers=24(1 idle) | buildings: barracks=2/3(idle=0)[0m
[32m2026-05-08 21:20:51.583[0m | [1mINFO    [0m | [36mbot.strategy[0m:[36m_log_status_periodically[0m:[36m331[0m - [1mstrategy t=210.1s phase=early army=7/25 (DEFEND) target=(47,60) unit_count=7[0m
[32m2026-05-08 21:20:51.583[0m | [1mINFO    [0m | [36mbot.strategy[0m:[36m_log_production_diagnostics[0m:[36m413[0m - [1mprod t=210.1s | min=255 gas=908 | supply=38/39(1 left) | workers=25(1 idle) | buildings: barracks=3/3(idle=0)[0m
[32m2026-05-08 21:20:57.168[0m | [1mINFO    [0m | [36mbot.strategy[0m:[36m_log_production_diagnostics[0m:[36m413[0m - [1mprod t=225.1s | min=265 gas=988 | supply=40/47(7 left) | workers=26(1 idle) | buildings: barracks=3/3(idle=0)[0m
[32m2026-05-08 21:21:03.160[0m | [1mINFO    [0m | [36mbot.strategy[0m:[36m_log_status_periodically[0m:[36m331[0m - [1mstrategy t=240.1s phase=early army=11/25 (HOLD) target=(42,40) unit_count=11[0m
[32m2026-05-08 21:21:03.161[0m | [1mINFO    [0m | [36mbot.strategy[0m:[36m_log_production_diagnostics[0m:[36m413[0m - [1mprod t=240.1s | min=280 gas=1068 | supply=44/55(11 left) | workers=27(1 idle) | buildings: barracks=3/3(idle=0)[0m
[32m2026-05-08 21:21:09.297[0m | [1mINFO    [0m | [36mbot.strategy[0m:[36m_log_production_diagnostics[0m:[36m413[0m - [1mprod t=255.1s | min=345 gas=1148 | supply=48/63(15 left) | workers=29(1 idle) | buildings: barracks=3/3(idle=0)[0m
[32m2026-05-08 21:21:11.338[0m | [1mINFO    [0m | [36mares.behaviors.macro.production_controller[0m:[36m_building_production_due_to_bank[0m:[36m264[0m - [1mAdding UnitTypeId.BARRACKS as income level will support this.[0m
[32m2026-05-08 21:21:12.450[0m | [1mINFO    [0m | [36mares.behaviors.macro.tech_up[0m:[36mexecute[0m:[36m124[0m - [1m04:22 Building UnitTypeId.FACTORY for UnitTypeId.WIDOWMINE[0m
[32m2026-05-08 21:21:12.505[0m | [1mINFO    [0m | [36mares.behaviors.macro.tech_up[0m:[36m_adding_techlab[0m:[36m256[0m - [1m04:22 Adding UnitTypeId.BARRACKSTECHLAB so that we can tech towards UnitTypeId.MARAUDER. Ignore existing techlabs: True[0m
[32m2026-05-08 21:21:14.532[0m | [1mINFO    [0m | [36mares.build_runner.build_order_runner[0m:[36mdo_step[0m:[36m513[0m - [1m52 04:27 REFINERY[0m
[32m2026-05-08 21:21:15.940[0m | [1mINFO    [0m | [36mbot.strategy[0m:[36m_log_status_periodically[0m:[36m331[0m - [1mstrategy t=270.1s phase=mid army=16/25 (HOLD) target=(42,40) unit_count=16[0m
[32m2026-05-08 21:21:15.940[0m | [1mINFO    [0m | [36mbot.strategy[0m:[36m_log_production_diagnostics[0m:[36m413[0m - [1mprod t=270.1s | min=125 gas=1232 | supply=52/63(11 left) | workers=30(2 idle) | buildings: barracks=3/4(idle=0)[0m
[32m2026-05-08 21:21:17.787[0m | [1mINFO    [0m | [36mares.build_runner.build_order_runner[0m:[36mdo_step[0m:[36m513[0m - [1m52 04:34 BARRACKSTECHLAB[0m
[32m2026-05-08 21:21:20.858[0m | [1mINFO    [0m | [36mares.build_runner.build_order_runner[0m:[36mdo_step[0m:[36m513[0m - [1m53 04:40 REAPER[0m
[32m2026-05-08 21:21:22.975[0m | [1mINFO    [0m | [36mbot.strategy[0m:[36m_log_production_diagnostics[0m:[36m413[0m - [1mprod t=285.1s | min=105 gas=1141 | supply=55/63(8 left) | workers=33(2 idle) | buildings: barracks=3/4(idle=0) factory=0/1(idle=0)[0m
[32m2026-05-08 21:21:25.220[0m | [1mINFO    [0m | [36mares.build_runner.build_order_runner[0m:[36mdo_step[0m:[36m513[0m - [1m55 04:49 UPGRADETOORBITAL_ORBITALCOMMAND[0m
[32m2026-05-08 21:21:26.278[0m | [1mINFO    [0m | [36mares.build_runner.build_order_runner[0m:[36mdo_step[0m:[36m513[0m - [1m55 04:52 REAPER[0m
[32m2026-05-08 21:21:27.531[0m | [1mINFO    [0m | [36mares.build_runner.build_order_runner[0m:[36mdo_step[0m:[36m513[0m - [1m56 04:54 STIMPACK[0m
[32m2026-05-08 21:21:30.066[0m | [1mINFO    [0m | [36mbot.strategy[0m:[36m_log_status_periodically[0m:[36m331[0m - [1mstrategy t=300.1s phase=mid army=20/25 (HOLD) target=(42,40) unit_count=20[0m
[32m2026-05-08 21:21:30.067[0m | [1mINFO    [0m | [36mbot.strategy[0m:[36m_log_production_diagnostics[0m:[36m413[0m - [1mprod t=300.1s | min=35 gas=1075 | supply=57/63(6 left) | workers=32(2 idle) | buildings: barracks=3/4(idle=0) factory=0/1(idle=0) | addons: barrackstechlab=1[0m
[32m2026-05-08 21:21:35.955[0m | [1mINFO    [0m | [36mares.behaviors.macro.production_controller[0m:[36mexecute[0m:[36m222[0m - [1m05:11 Adding UnitTypeId.STARPORT so that we can build more UnitTypeId.MEDIVAC. Current proportion: 0.0 Target proportion: 0.1[0m
[32m2026-05-08 21:21:37.473[0m | [1mINFO    [0m | [36mbot.strategy[0m:[36m_log_production_diagnostics[0m:[36m413[0m - [1mprod t=315.1s | min=40 gas=1155 | supply=58/63(5 left) | workers=32(3 idle) | buildings: barracks=4/4(idle=1) factory=1/1(idle=1) | addons: barrackstechlab=1[0m
[32m2026-05-08 21:21:44.753[0m | [1mINFO    [0m | [36mbot.strategy[0m:[36m_log_status_periodically[0m:[36m331[0m - [1mstrategy t=330.1s phase=mid army=24/25 (HOLD) target=(42,40) unit_count=24[0m
[32m2026-05-08 21:21:44.754[0m | [1mINFO    [0m | [36mbot.strategy[0m:[36m_log_production_diagnostics[0m:[36m413[0m - [1mprod t=330.1s | min=10 gas=1235 | supply=64/71(7 left) | workers=33(4 idle) | buildings: barracks=4/4(idle=0) factory=1/1(idle=1) | addons: barrackstechlab=1[0m
[32m2026-05-08 21:21:46.552[0m | [1mINFO    [0m | [36mares.behaviors.macro.production_controller[0m:[36mexecute[0m:[36m222[0m - [1m05:33 Adding UnitTypeId.FACTORY so that we can build more UnitTypeId.WIDOWMINE. Current proportion: 0.037037037037037035 Target proportion: 0.15[0m
[32m2026-05-08 21:21:51.634[0m | [1mINFO    [0m | [36mbot.strategy[0m:[36m_log_production_diagnostics[0m:[36m413[0m - [1mprod t=345.1s | min=0 gas=1290 | supply=70/79(9 left) | workers=34(4 idle) | buildings: barracks=4/4(idle=1) factory=1/1(idle=0) | addons: barrackstechlab=1[0m
[32m2026-05-08 21:21:57.944[0m | [1mINFO    [0m | [36mbot.strategy[0m:[36m_log_status_periodically[0m:[36m331[0m - [1mstrategy t=360.1s phase=mid army=32/25 (ATTACK) target=(156,134) unit_count=31[0m
[32m2026-05-08 21:21:57.944[0m | [1mINFO    [0m | [36mbot.strategy[0m:[36m_log_production_diagnostics[0m:[36m413[0m - [1mprod t=360.1s | min=30 gas=1374 | supply=73/79(6 left) | workers=35(5 idle) | buildings: barracks=4/4(idle=1) factory=1/1(idle=1) | addons: barrackstechlab=1[0m
[32m2026-05-08 21:22:06.428[0m | [1mINFO    [0m | [36mbot.strategy[0m:[36m_log_production_diagnostics[0m:[36m413[0m - [1mprod t=375.1s | min=50 gas=1433 | supply=79/87(8 left) | workers=36(5 idle) | buildings: barracks=4/4(idle=0) factory=1/1(idle=0) | addons: barrackstechlab=1[0m
[32m2026-05-08 21:22:15.444[0m | [1mINFO    [0m | [36mbot.strategy[0m:[36m_log_status_periodically[0m:[36m331[0m - [1mstrategy t=390.1s phase=mid army=32/25 (ATTACK) target=(156,134) unit_count=31[0m
[32m2026-05-08 21:22:15.444[0m | [1mINFO    [0m | [36mbot.strategy[0m:[36m_log_production_diagnostics[0m:[36m413[0m - [1mprod t=390.1s | min=80 gas=1513 | supply=78/87(9 left) | workers=37(5 idle) | buildings: barracks=4/4(idle=0) factory=1/1(idle=0) | addons: barrackstechlab=1[0m
[32m2026-05-08 21:22:24.448[0m | [1mINFO    [0m | [36mbot.strategy[0m:[36m_log_production_diagnostics[0m:[36m413[0m - [1mprod t=405.1s | min=35 gas=1593 | supply=67/87(20 left) | workers=38(4 idle) | buildings: barracks=4/4(idle=0) factory=1/1(idle=1) | addons: barrackstechlab=1[0m
[32m2026-05-08 21:22:32.565[0m | [1mINFO    [0m | [36mbot.strategy[0m:[36m_log_status_periodically[0m:[36m331[0m - [1mstrategy t=420.1s phase=mid army=23/25 (HOLD) target=(42,40) unit_count=21[0m
[32m2026-05-08 21:22:32.566[0m | [1mINFO    [0m | [36mbot.strategy[0m:[36m_log_production_diagnostics[0m:[36m413[0m - [1mprod t=420.1s | min=40 gas=1648 | supply=71/95(24 left) | workers=40(4 idle) | buildings: barracks=4/4(idle=1) factory=1/1(idle=0) | addons: barrackstechlab=1[0m
[32m2026-05-08 21:22:40.338[0m | [1mINFO    [0m | [36mbot.strategy[0m:[36m_log_production_diagnostics[0m:[36m413[0m - [1mprod t=435.1s | min=25 gas=1728 | supply=76/95(19 left) | workers=41(3 idle) | buildings: barracks=4/4(idle=0) factory=1/1(idle=1) | addons: barrackstechlab=1[0m
[32m2026-05-08 21:22:47.474[0m | [1mINFO    [0m | [36mbot.strategy[0m:[36m_log_status_periodically[0m:[36m331[0m - [1mstrategy t=450.1s phase=mid army=31/25 (ATTACK) target=(156,134) unit_count=28[0m
[32m2026-05-08 21:22:47.475[0m | [1mINFO    [0m | [36mbot.strategy[0m:[36m_log_production_diagnostics[0m:[36m413[0m - [1mprod t=450.1s | min=90 gas=1791 | supply=82/95(13 left) | workers=44(4 idle) | buildings: barracks=4/4(idle=0) factory=1/1(idle=0) | addons: barrackstechlab=1[0m
[32m2026-05-08 21:22:55.205[0m | [1mINFO    [0m | [36mbot.strategy[0m:[36m_log_production_diagnostics[0m:[36m413[0m - [1mprod t=465.1s | min=50 gas=1846 | supply=84/95(11 left) | workers=43(5 idle) | buildings: barracks=4/4(idle=0) factory=1/1(idle=0) | addons: barrackstechlab=1[0m
[32m2026-05-08 21:23:04.309[0m | [1mINFO    [0m | [36mbot.strategy[0m:[36m_log_status_periodically[0m:[36m331[0m - [1mstrategy t=480.1s phase=mid army=33/25 (ATTACK) target=(156,134) unit_count=29[0m
[32m2026-05-08 21:23:04.310[0m | [1mINFO    [0m | [36mbot.strategy[0m:[36m_log_production_diagnostics[0m:[36m413[0m - [1mprod t=480.1s | min=35 gas=1926 | supply=86/95(9 left) | workers=45(5 idle) | buildings: barracks=4/4(idle=1) factory=1/1(idle=0) | addons: barrackstechlab=1[0m
[32m2026-05-08 21:23:13.486[0m | [1mINFO    [0m | [36mbot.strategy[0m:[36m_log_production_diagnostics[0m:[36m413[0m - [1mprod t=495.1s | min=50 gas=1981 | supply=89/103(14 left) | workers=46(5 idle) | buildings: barracks=4/4(idle=1) factory=1/1(idle=0) | addons: barrackstechlab=1 | [IDLE-PROD 1][0m
[32m2026-05-08 21:23:23.311[0m | [1mINFO    [0m | [36mbot.strategy[0m:[36m_log_status_periodically[0m:[36m331[0m - [1mstrategy t=510.1s phase=mid army=35/25 (ATTACK) target=(156,134) unit_count=32[0m
[32m2026-05-08 21:23:23.311[0m | [1mINFO    [0m | [36mbot.strategy[0m:[36m_log_production_diagnostics[0m:[36m413[0m - [1mprod t=510.1s | min=55 gas=2061 | supply=89/103(14 left) | workers=47(5 idle) | buildings: barracks=4/4(idle=0) factory=1/1(idle=1) | addons: barrackstechlab=1 | [IDLE-PROD 1][0m
[32m2026-05-08 21:23:32.973[0m | [1mINFO    [0m | [36mbot.strategy[0m:[36m_log_production_diagnostics[0m:[36m413[0m - [1mprod t=525.1s | min=10 gas=2120 | supply=95/103(8 left) | workers=48(3 idle) | buildings: barracks=4/4(idle=0) factory=1/1(idle=0) | addons: barrackstechlab=1[0m
[32m2026-05-08 21:23:42.472[0m | [1mINFO    [0m | [36mbot.strategy[0m:[36m_log_status_periodically[0m:[36m331[0m - [1mstrategy t=540.1s phase=mid army=41/25 (ATTACK) target=(156,134) unit_count=37[0m
[32m2026-05-08 21:23:42.472[0m | [1mINFO    [0m | [36mbot.strategy[0m:[36m_log_production_diagnostics[0m:[36m413[0m - [1mprod t=540.1s | min=35 gas=2204 | supply=97/103(6 left) | workers=49(5 idle) | buildings: barracks=4/4(idle=0) factory=1/1(idle=1) | addons: barrackstechlab=1[0m
[32m2026-05-08 21:23:52.180[0m | [1mINFO    [0m | [36mbot.strategy[0m:[36m_log_production_diagnostics[0m:[36m413[0m - [1mprod t=555.1s | min=60 gas=2284 | supply=100/103(3 left) | workers=50(5 idle) | buildings: barracks=4/4(idle=0) factory=1/1(idle=1) | addons: barrackstechlab=1 | [IDLE-PROD 1][0m
[32m2026-05-08 21:23:58.335[0m | [1mINFO    [0m | [36mares.behaviors.macro.tech_up[0m:[36m_adding_techlab[0m:[36m256[0m - [1m09:25 Adding UnitTypeId.BARRACKSTECHLAB so that we can tech towards UnitTypeId.MARAUDER. Ignore existing techlabs: True[0m
[32m2026-05-08 21:24:00.432[0m | [1mINFO    [0m | [36mares.behaviors.macro.tech_up[0m:[36m_adding_techlab[0m:[36m256[0m - [1m09:29 Adding UnitTypeId.BARRACKSTECHLAB so that we can tech towards UnitTypeId.MARAUDER. Ignore existing techlabs: True[0m
[32m2026-05-08 21:24:00.851[0m | [1mINFO    [0m | [36mbot.strategy[0m:[36m_log_status_periodically[0m:[36m331[0m - [1mstrategy t=570.1s phase=mid army=47/25 (ATTACK) target=(156,134) unit_count=43[0m
[32m2026-05-08 21:24:00.851[0m | [1mINFO    [0m | [36mbot.strategy[0m:[36m_log_production_diagnostics[0m:[36m413[0m - [1mprod t=570.1s | min=40 gas=2314 | supply=103/103(0 left) | workers=52(5 idle) | buildings: barracks=4/4(idle=0) factory=1/1(idle=1) | addons: barrackstechlab=1 | [SUPPLY-BLOCKED][0m
[32m2026-05-08 21:24:04.821[0m | [1mINFO    [0m | [36mares.behaviors.macro.tech_up[0m:[36m_adding_techlab[0m:[36m256[0m - [1m09:37 Adding UnitTypeId.BARRACKSTECHLAB so that we can tech towards UnitTypeId.MARAUDER. Ignore existing techlabs: True[0m
[32m2026-05-08 21:24:08.676[0m | [1mINFO    [0m | [36mbot.strategy[0m:[36m_log_production_diagnostics[0m:[36m413[0m - [1mprod t=585.1s | min=20 gas=2369 | supply=103/103(0 left) | workers=52(4 idle) | buildings: barracks=4/4(idle=2) factory=1/1(idle=1) | addons: barrackstechlab=2 | [SUPPLY-BLOCKED][0m
[32m2026-05-08 21:24:16.052[0m | [1mINFO    [0m | [36mbot.strategy[0m:[36m_log_status_periodically[0m:[36m331[0m - [1mstrategy t=600.1s phase=mid army=49/25 (ATTACK) target=(156,134) unit_count=45[0m
[32m2026-05-08 21:24:16.052[0m | [1mINFO    [0m | [36mbot.strategy[0m:[36m_log_production_diagnostics[0m:[36m413[0m - [1mprod t=600.1s | min=30 gas=2449 | supply=105/111(6 left) | workers=52(5 idle) | buildings: barracks=4/4(idle=3) factory=1/1(idle=1) | addons: barrackstechlab=4[0m
[32m2026-05-08 21:24:23.488[0m | [1mINFO    [0m | [36mbot.strategy[0m:[36m_log_production_diagnostics[0m:[36m413[0m - [1mprod t=615.1s | min=30 gas=2537 | supply=109/127(18 left) | workers=55(5 idle) | buildings: barracks=4/4(idle=0) factory=1/1(idle=1) | addons: barrackstechlab=4[0m
[32m2026-05-08 21:24:30.979[0m | [1mINFO    [0m | [36mbot.strategy[0m:[36m_log_status_periodically[0m:[36m331[0m - [1mstrategy t=630.1s phase=mid army=52/25 (ATTACK) target=(156,134) unit_count=48[0m
[32m2026-05-08 21:24:30.979[0m | [1mINFO    [0m | [36mbot.strategy[0m:[36m_log_production_diagnostics[0m:[36m413[0m - [1mprod t=630.1s | min=35 gas=2617 | supply=113/127(14 left) | workers=54(5 idle) | buildings: barracks=4/4(idle=0) factory=1/1(idle=1) | addons: barrackstechlab=4[0m
[32m2026-05-08 21:24:38.491[0m | [1mINFO    [0m | [36mbot.strategy[0m:[36m_log_production_diagnostics[0m:[36m413[0m - [1mprod t=645.1s | min=15 gas=2697 | supply=117/127(10 left) | workers=55(5 idle) | buildings: barracks=4/4(idle=0) factory=1/1(idle=1) | addons: barrackstechlab=4[0m
[32m2026-05-08 21:24:44.451[0m | [1mINFO    [0m | [36mares.behaviors.macro.tech_up[0m:[36mexecute[0m:[36m181[0m - [1m10:56 Adding UnitTypeId.GHOSTACADEMY to tech towards UnitTypeId.GHOST[0m
[32m2026-05-08 21:24:44.493[0m | [1mINFO    [0m | [36mares.behaviors.macro.tech_up[0m:[36mexecute[0m:[36m181[0m - [1m10:56 Adding UnitTypeId.GHOSTACADEMY to tech towards UnitTypeId.GHOST[0m
[32m2026-05-08 21:24:44.552[0m | [1mINFO    [0m | [36mares.behaviors.macro.tech_up[0m:[36mexecute[0m:[36m181[0m - [1m10:56 Adding UnitTypeId.GHOSTACADEMY to tech towards UnitTypeId.GHOST[0m
[32m2026-05-08 21:24:46.193[0m | [1mINFO    [0m | [36mbot.strategy[0m:[36m_log_status_periodically[0m:[36m331[0m - [1mstrategy t=660.1s phase=late army=58/25 (ATTACK) target=(156,134) unit_count=54[0m
[32m2026-05-08 21:24:46.194[0m | [1mINFO    [0m | [36mbot.strategy[0m:[36m_log_production_diagnostics[0m:[36m413[0m - [1mprod t=660.1s | min=35 gas=2777 | supply=120/127(7 left) | workers=56(6 idle) | buildings: barracks=4/4(idle=1) factory=1/1(idle=1) | addons: barrackstechlab=4[0m
[32m2026-05-08 21:24:53.967[0m | [1mINFO    [0m | [36mbot.strategy[0m:[36m_log_production_diagnostics[0m:[36m413[0m - [1mprod t=675.1s | min=20 gas=2857 | supply=123/127(4 left) | workers=57(6 idle) | buildings: barracks=4/4(idle=1) factory=1/1(idle=1) | addons: barrackstechlab=4[0m
[32m2026-05-08 21:25:01.760[0m | [1mINFO    [0m | [36mbot.strategy[0m:[36m_log_status_periodically[0m:[36m331[0m - [1mstrategy t=690.1s phase=late army=62/25 (ATTACK) target=(156,134) unit_count=58[0m
[32m2026-05-08 21:25:01.761[0m | [1mINFO    [0m | [36mbot.strategy[0m:[36m_log_production_diagnostics[0m:[36m413[0m - [1mprod t=690.1s | min=25 gas=2941 | supply=126/127(1 left) | workers=58(6 idle) | buildings: barracks=4/4(idle=1) factory=1/1(idle=1) | addons: barrackstechlab=4[0m
[32m2026-05-08 21:25:05.849[0m | [1mINFO    [0m | [36mares.behaviors.macro.tech_up[0m:[36m_adding_techlab[0m:[36m256[0m - [1m11:35 Adding UnitTypeId.FACTORYTECHLAB so that we can tech towards UnitTypeId.SIEGETANK. Ignore existing techlabs: True[0m
[32m2026-05-08 21:25:11.005[0m | [1mINFO    [0m | [36mbot.strategy[0m:[36m_log_production_diagnostics[0m:[36m413[0m - [1mprod t=705.1s | min=0 gas=3000 | supply=127/127(0 left) | workers=59(5 idle) | buildings: barracks=4/4(idle=2) factory=1/1(idle=0) | addons: barrackstechlab=4 | [SUPPLY-BLOCKED][0m
[32m2026-05-08 21:25:19.002[0m | [1mINFO    [0m | [36mbot.strategy[0m:[36m_log_status_periodically[0m:[36m331[0m - [1mstrategy t=720.1s phase=late army=66/25 (ATTACK) target=(156,134) unit_count=62[0m
[32m2026-05-08 21:25:19.002[0m | [1mINFO    [0m | [36mbot.strategy[0m:[36m_log_production_diagnostics[0m:[36m413[0m - [1mprod t=720.1s | min=70 gas=3080 | supply=127/127(0 left) | workers=59(5 idle) | buildings: barracks=4/4(idle=4) factory=1/1(idle=1) | addons: barrackstechlab=4 factorytechlab=1 | [SUPPLY-BLOCKED][0m
[32m2026-05-08 21:25:26.817[0m | [1mINFO    [0m | [36mbot.strategy[0m:[36m_log_production_diagnostics[0m:[36m413[0m - [1mprod t=735.1s | min=45 gas=3160 | supply=129/135(6 left) | workers=59(6 idle) | buildings: barracks=4/4(idle=3) factory=1/1(idle=1) | addons: barrackstechlab=4 factorytechlab=1[0m
[32m2026-05-08 21:25:34.355[0m | [1mINFO    [0m | [36mbot.strategy[0m:[36m_log_status_periodically[0m:[36m331[0m - [1mstrategy t=750.1s phase=late army=67/25 (ATTACK) target=(156,134) unit_count=63[0m
[32m2026-05-08 21:25:34.357[0m | [1mINFO    [0m | [36mbot.strategy[0m:[36m_log_production_diagnostics[0m:[36m413[0m - [1mprod t=750.1s | min=25 gas=3240 | supply=133/151(18 left) | workers=60(6 idle) | buildings: barracks=4/4(idle=1) factory=1/1(idle=1) | addons: barrackstechlab=4 factorytechlab=1[0m
[32m2026-05-08 21:25:42.324[0m | [1mINFO    [0m | [36mbot.strategy[0m:[36m_log_production_diagnostics[0m:[36m413[0m - [1mprod t=765.1s | min=35 gas=3324 | supply=136/151(15 left) | workers=62(6 idle) | buildings: barracks=4/4(idle=1) factory=1/1(idle=1) | addons: barrackstechlab=4 factorytechlab=1[0m
[32m2026-05-08 21:25:49.985[0m | [1mINFO    [0m | [36mbot.strategy[0m:[36m_log_status_periodically[0m:[36m331[0m - [1mstrategy t=780.1s phase=late army=72/25 (ATTACK) target=(156,134) unit_count=68[0m
[32m2026-05-08 21:25:49.985[0m | [1mINFO    [0m | [36mbot.strategy[0m:[36m_log_production_diagnostics[0m:[36m413[0m - [1mprod t=780.1s | min=25 gas=3408 | supply=139/151(12 left) | workers=65(6 idle) | buildings: barracks=4/4(idle=2) factory=1/1(idle=1) | addons: barrackstechlab=4 factorytechlab=1[0m
[32m2026-05-08 21:25:57.538[0m | [1mINFO    [0m | [36mbot.strategy[0m:[36m_log_production_diagnostics[0m:[36m413[0m - [1mprod t=795.1s | min=25 gas=3488 | supply=141/151(10 left) | workers=64(6 idle) | buildings: barracks=4/4(idle=3) factory=1/1(idle=1) | addons: barrackstechlab=4 factorytechlab=1[0m
[32m2026-05-08 21:26:05.133[0m | [1mINFO    [0m | [36mbot.strategy[0m:[36m_log_status_periodically[0m:[36m331[0m - [1mstrategy t=810.1s phase=late army=74/25 (ATTACK) target=(156,134) unit_count=70[0m
[32m2026-05-08 21:26:05.134[0m | [1mINFO    [0m | [36mbot.strategy[0m:[36m_log_production_diagnostics[0m:[36m413[0m - [1mprod t=810.1s | min=10 gas=3568 | supply=143/151(8 left) | workers=65(5 idle) | buildings: barracks=4/4(idle=2) factory=1/1(idle=1) | addons: barrackstechlab=4 factorytechlab=1[0m
[32m2026-05-08 21:26:12.574[0m | [1mINFO    [0m | [36mbot.strategy[0m:[36m_log_production_diagnostics[0m:[36m413[0m - [1mprod t=825.1s | min=30 gas=3648 | supply=144/151(7 left) | workers=65(6 idle) | buildings: barracks=4/4(idle=4) factory=1/1(idle=1) | addons: barrackstechlab=4 factorytechlab=1[0m
[32m2026-05-08 21:26:19.838[0m | [1mINFO    [0m | [36mbot.strategy[0m:[36m_log_status_periodically[0m:[36m331[0m - [1mstrategy t=840.1s phase=late army=76/25 (ATTACK) target=(156,134) unit_count=72[0m
[32m2026-05-08 21:26:19.838[0m | [1mINFO    [0m | [36mbot.strategy[0m:[36m_log_production_diagnostics[0m:[36m413[0m - [1mprod t=840.1s | min=0 gas=3728 | supply=145/151(6 left) | workers=66(6 idle) | buildings: barracks=4/4(idle=4) factory=1/1(idle=1) | addons: barrackstechlab=4 factorytechlab=1[0m
[32m2026-05-08 21:26:27.228[0m | [1mINFO    [0m | [36mbot.strategy[0m:[36m_log_production_diagnostics[0m:[36m413[0m - [1mprod t=855.1s | min=10 gas=3812 | supply=150/151(1 left) | workers=67(6 idle) | buildings: barracks=4/4(idle=0) factory=1/1(idle=1) | addons: barrackstechlab=4 factorytechlab=1[0m
[32m2026-05-08 21:26:34.717[0m | [1mINFO    [0m | [36mbot.strategy[0m:[36m_log_status_periodically[0m:[36m331[0m - [1mstrategy t=870.1s phase=late army=79/25 (ATTACK) target=(156,134) unit_count=75[0m
[32m2026-05-08 21:26:34.718[0m | [1mINFO    [0m | [36mbot.strategy[0m:[36m_log_production_diagnostics[0m:[36m413[0m - [1mprod t=870.1s | min=40 gas=3886 | supply=151/151(0 left) | workers=69(5 idle) | buildings: barracks=4/4(idle=2) factory=1/1(idle=1) | addons: barrackstechlab=4 factorytechlab=1 | [SUPPLY-BLOCKED][0m
[32m2026-05-08 21:26:42.637[0m | [1mINFO    [0m | [36mbot.strategy[0m:[36m_log_production_diagnostics[0m:[36m413[0m - [1mprod t=885.1s | min=85 gas=3804 | supply=151/151(0 left) | workers=70(4 idle) | buildings: barracks=4/4(idle=4) factory=1/1(idle=1) starport=0/1(idle=0) | addons: barrackstechlab=4 factorytechlab=1 | [SUPPLY-BLOCKED][0m
[32m2026-05-08 21:26:50.498[0m | [1mINFO    [0m | [36mbot.strategy[0m:[36m_log_status_periodically[0m:[36m331[0m - [1mstrategy t=900.1s phase=late army=81/25 (ATTACK) target=(156,134) unit_count=77[0m
[32m2026-05-08 21:26:50.498[0m | [1mINFO    [0m | [36mbot.strategy[0m:[36m_log_production_diagnostics[0m:[36m413[0m - [1mprod t=900.1s | min=30 gas=3704 | supply=154/159(5 left) | workers=70(3 idle) | buildings: barracks=4/4(idle=1) factory=1/2(idle=1) starport=0/1(idle=0) | addons: barrackstechlab=4 factorytechlab=1[0m
[32m2026-05-08 21:26:58.295[0m | [1mINFO    [0m | [36mbot.strategy[0m:[36m_log_production_diagnostics[0m:[36m413[0m - [1mprod t=915.1s | min=55 gas=3679 | supply=159/159(0 left) | workers=70(3 idle) | buildings: barracks=4/4(idle=1) factory=1/2(idle=0) starport=1/1(idle=1) | addons: barrackstechlab=4 factorytechlab=1 | [SUPPLY-BLOCKED][0m
[32m2026-05-08 21:27:06.163[0m | [1mINFO    [0m | [36mbot.strategy[0m:[36m_log_status_periodically[0m:[36m331[0m - [1mstrategy t=930.1s phase=late army=89/25 (ATTACK) target=(156,134) unit_count=84[0m
[32m2026-05-08 21:27:06.165[0m | [1mINFO    [0m | [36mbot.strategy[0m:[36m_log_production_diagnostics[0m:[36m413[0m - [1mprod t=930.1s | min=120 gas=3629 | supply=159/159(0 left) | workers=70(2 idle) | buildings: barracks=4/4(idle=4) factory=1/2(idle=1) starport=1/1(idle=1) | addons: barrackstechlab=4 factorytechlab=1 | [SUPPLY-BLOCKED][0m
[32m2026-05-08 21:27:14.305[0m | [1mINFO    [0m | [36mbot.strategy[0m:[36m_log_production_diagnostics[0m:[36m413[0m - [1mprod t=945.1s | min=370 gas=3629 | supply=159/159(0 left) | workers=70(2 idle) | buildings: barracks=4/4(idle=4) factory=2/2(idle=2) starport=1/1(idle=1) | addons: barrackstechlab=4 factorytechlab=1 | [SUPPLY-BLOCKED][0m
[32m2026-05-08 21:27:15.884[0m | [1mINFO    [0m | [36mares.build_runner.build_order_runner[0m:[36mdo_step[0m:[36m513[0m - [1m159 15:48 COMMANDCENTER[0m
[32m2026-05-08 21:27:22.512[0m | [1mINFO    [0m | [36mbot.strategy[0m:[36m_log_status_periodically[0m:[36m331[0m - [1mstrategy t=960.1s phase=late army=89/25 (ATTACK) target=(156,134) unit_count=84[0m
[32m2026-05-08 21:27:22.512[0m | [1mINFO    [0m | [36mbot.strategy[0m:[36m_log_production_diagnostics[0m:[36m413[0m - [1mprod t=960.1s | min=220 gas=3629 | supply=159/159(0 left) | workers=70(1 idle) | buildings: barracks=4/4(idle=4) factory=2/2(idle=2) starport=1/1(idle=1) | addons: barrackstechlab=4 factorytechlab=1 | [SUPPLY-BLOCKED][0m
[32m2026-05-08 21:27:30.901[0m | [1mINFO    [0m | [36mbot.strategy[0m:[36m_log_production_diagnostics[0m:[36m413[0m - [1mprod t=975.1s | min=475 gas=3629 | supply=159/159(0 left) | workers=70(1 idle) | buildings: barracks=4/4(idle=4) factory=2/2(idle=2) starport=1/1(idle=1) | addons: barrackstechlab=4 factorytechlab=1 | [SUPPLY-BLOCKED][0m
[32m2026-05-08 21:27:39.190[0m | [1mINFO    [0m | [36mbot.strategy[0m:[36m_log_status_periodically[0m:[36m331[0m - [1mstrategy t=990.1s phase=late army=89/25 (ATTACK) target=(156,134) unit_count=84[0m
[32m2026-05-08 21:27:39.190[0m | [1mINFO    [0m | [36mbot.strategy[0m:[36m_log_production_diagnostics[0m:[36m413[0m - [1mprod t=990.1s | min=710 gas=3629 | supply=159/159(0 left) | workers=70(1 idle) | buildings: barracks=4/4(idle=4) factory=2/2(idle=2) starport=1/1(idle=1) | addons: barrackstechlab=4 factorytechlab=1 | [SUPPLY-BLOCKED][0m
[32m2026-05-08 21:27:47.459[0m | [1mINFO    [0m | [36mbot.strategy[0m:[36m_log_production_diagnostics[0m:[36m413[0m - [1mprod t=1005.1s | min=970 gas=3629 | supply=159/159(0 left) | workers=70(1 idle) | buildings: barracks=4/4(idle=4) factory=2/2(idle=2) starport=1/1(idle=1) | addons: barrackstechlab=4 factorytechlab=1 | [SUPPLY-BLOCKED][0m
[32m2026-05-08 21:27:51.008[0m | [1mINFO    [0m | [36mares.build_runner.build_order_runner[0m:[36mdo_step[0m:[36m513[0m - [1m159 16:51 REFINERY[0m
[32m2026-05-08 21:27:56.688[0m | [1mINFO    [0m | [36mbot.strategy[0m:[36m_log_status_periodically[0m:[36m331[0m - [1mstrategy t=1020.1s phase=late army=89/25 (ATTACK) target=(156,134) unit_count=84[0m
[32m2026-05-08 21:27:56.689[0m | [1mINFO    [0m | [36mbot.strategy[0m:[36m_log_production_diagnostics[0m:[36m413[0m - [1mprod t=1020.1s | min=555 gas=3362 | supply=171/174(3 left) | workers=70(0 idle) | buildings: barracks=4/4(idle=0) factory=2/2(idle=0) starport=1/1(idle=0) | addons: barrackstechlab=4 factorytechlab=1[0m
[32m2026-05-08 21:28:03.071[0m | [1mINFO    [0m | [36mares.behaviors.macro.production_controller[0m:[36m_building_production_due_to_bank[0m:[36m264[0m - [1mAdding UnitTypeId.BARRACKS as income level will support this.[0m
[32m2026-05-08 21:28:03.138[0m | [1mINFO    [0m | [36mares.behaviors.macro.production_controller[0m:[36m_building_production_due_to_bank[0m:[36m264[0m - [1mAdding UnitTypeId.BARRACKS as income level will support this.[0m
[32m2026-05-08 21:28:04.759[0m | [1mINFO    [0m | [36mares.build_runner.build_order_runner[0m:[36mdo_step[0m:[36m513[0m - [1m171 17:12 FACTORY[0m
[32m2026-05-08 21:28:06.149[0m | [1mINFO    [0m | [36mbot.strategy[0m:[36m_log_production_diagnostics[0m:[36m413[0m - [1mprod t=1035.1s | min=260 gas=3290 | supply=171/174(3 left) | workers=68(0 idle) | buildings: barracks=4/4(idle=0) factory=2/3(idle=0) starport=1/1(idle=0) | addons: barrackstechlab=4 factorytechlab=1[0m
[32m2026-05-08 21:28:09.498[0m | [1mINFO    [0m | [36mares.behaviors.macro.tech_up[0m:[36m_adding_techlab[0m:[36m256[0m - [1m17:20 Adding UnitTypeId.FACTORYTECHLAB so that we can tech towards UnitTypeId.SIEGETANK. Ignore existing techlabs: True[0m
[32m2026-05-08 21:28:14.605[0m | [1mINFO    [0m | [36mbot.strategy[0m:[36m_log_status_periodically[0m:[36m331[0m - [1mstrategy t=1050.1s phase=late army=95/25 (ATTACK) target=(156,134) unit_count=89[0m
[32m2026-05-08 21:28:14.605[0m | [1mINFO    [0m | [36mbot.strategy[0m:[36m_log_production_diagnostics[0m:[36m413[0m - [1mprod t=1050.1s | min=190 gas=3345 | supply=174/174(0 left) | workers=68(0 idle) | buildings: barracks=4/5(idle=1) factory=2/3(idle=0) starport=1/1(idle=0) | addons: barrackstechlab=4 factorytechlab=1 | [SUPPLY-BLOCKED][0m
[32m2026-05-08 21:28:18.953[0m | [1mINFO    [0m | [36mares.behaviors.macro.production_controller[0m:[36m_building_production_due_to_bank[0m:[36m264[0m - [1mAdding UnitTypeId.BARRACKS as income level will support this.[0m
[32m2026-05-08 21:28:19.114[0m | [1mINFO    [0m | [36mares.build_runner.build_order_runner[0m:[36mdo_step[0m:[36m513[0m - [1m174 17:38 SUPPLYDEPOT[0m
[32m2026-05-08 21:28:23.065[0m | [1mINFO    [0m | [36mbot.strategy[0m:[36m_log_production_diagnostics[0m:[36m413[0m - [1mprod t=1065.1s | min=530 gas=3425 | supply=174/174(0 left) | workers=68(0 idle) | buildings: barracks=4/5(idle=4) factory=2/3(idle=2) starport=1/1(idle=1) | addons: barrackstechlab=4 factorytechlab=2 | [SUPPLY-BLOCKED][0m
[32m2026-05-08 21:28:25.089[0m | [1mINFO    [0m | [36mares.build_runner.build_order_runner[0m:[36mdo_step[0m:[36m513[0m - [1m174 17:48 BARRACKS[0m
[32m2026-05-08 21:28:31.080[0m | [1mINFO    [0m | [36mares.build_runner.build_order_runner[0m:[36mdo_step[0m:[36m513[0m - [1m174 17:59 MARAUDER[0m
[32m2026-05-08 21:28:31.486[0m | [1mINFO    [0m | [36mbot.strategy[0m:[36m_log_status_periodically[0m:[36m331[0m - [1mstrategy t=1080.1s phase=late army=104/25 (ATTACK) target=(156,134) unit_count=94[0m
[32m2026-05-08 21:28:31.486[0m | [1mINFO    [0m | [36mbot.strategy[0m:[36m_log_production_diagnostics[0m:[36m413[0m - [1mprod t=1080.1s | min=135 gas=3459 | supply=181/182(1 left) | workers=68(1 idle) | buildings: barracks=4/7(idle=0) factory=3/3(idle=2) starport=1/1(idle=1) | addons: barrackstechlab=4 factorytechlab=2 | [IDLE-PROD 3][0m
[32m2026-05-08 21:28:37.642[0m | [1mINFO    [0m | [36mares.behaviors.macro.tech_up[0m:[36m_adding_techlab[0m:[36m256[0m - [1m18:10 Adding UnitTypeId.BARRACKSTECHLAB so that we can tech towards UnitTypeId.MARAUDER. Ignore existing techlabs: True[0m
[32m2026-05-08 21:28:40.036[0m | [1mINFO    [0m | [36mbot.strategy[0m:[36m_log_production_diagnostics[0m:[36m413[0m - [1mprod t=1095.1s | min=55 gas=3389 | supply=187/190(3 left) | workers=68(1 idle) | buildings: barracks=5/7(idle=0) factory=3/3(idle=1) starport=1/1(idle=0) | addons: barrackstechlab=4 factorytechlab=2 | [IDLE-PROD 1][0m
[32m2026-05-08 21:28:40.735[0m | [1mINFO    [0m | [36mares.behaviors.macro.production_controller[0m:[36mexecute[0m:[36m222[0m - [1m18:16 Adding UnitTypeId.STARPORT so that we can build more UnitTypeId.MEDIVAC. Current proportion: 0.0 Target proportion: 0.1[0m
[32m2026-05-08 21:28:44.400[0m | [1mINFO    [0m | [36mares.behaviors.macro.tech_up[0m:[36m_adding_techlab[0m:[36m256[0m - [1m18:22 Adding UnitTypeId.FACTORYTECHLAB so that we can tech towards UnitTypeId.SIEGETANK. Ignore existing techlabs: True[0m
[32m2026-05-08 21:28:48.118[0m | [1mINFO    [0m | [36mares.behaviors.macro.production_controller[0m:[36mexecute[0m:[36m222[0m - [1m18:28 Adding UnitTypeId.FACTORY so that we can build more UnitTypeId.WIDOWMINE. Current proportion: 0.08333333333333333 Target proportion: 0.1[0m
[32m2026-05-08 21:28:48.982[0m | [1mINFO    [0m | [36mbot.strategy[0m:[36m_log_status_periodically[0m:[36m331[0m - [1mstrategy t=1110.1s phase=late army=112/25 (ATTACK) target=(156,134) unit_count=100[0m
[32m2026-05-08 21:28:48.983[0m | [1mINFO    [0m | [36mbot.strategy[0m:[36m_log_production_diagnostics[0m:[36m413[0m - [1mprod t=1110.1s | min=70 gas=3423 | supply=194/200(6 left) | workers=68(2 idle) | buildings: barracks=5/7(idle=0) factory=3/3(idle=0) starport=1/1(idle=0) | addons: barrackstechlab=4 factorytechlab=2[0m
[32m2026-05-08 21:28:58.089[0m | [1mINFO    [0m | [36mbot.strategy[0m:[36m_log_production_diagnostics[0m:[36m413[0m - [1mprod t=1125.1s | min=65 gas=3406 | supply=200/200(0 left) | workers=68(2 idle) | buildings: barracks=7/7(idle=2) factory=3/3(idle=2) starport=1/2(idle=0) | addons: barrackstechlab=4 factorytechlab=3[0m
[32m2026-05-08 21:29:07.961[0m | [1mINFO    [0m | [36mbot.strategy[0m:[36m_log_status_periodically[0m:[36m331[0m - [1mstrategy t=1140.1s phase=late army=129/25 (ATTACK) target=(156,134) unit_count=112[0m
[32m2026-05-08 21:29:07.961[0m | [1mINFO    [0m | [36mbot.strategy[0m:[36m_log_production_diagnostics[0m:[36m413[0m - [1mprod t=1140.1s | min=340 gas=3426 | supply=200/200(0 left) | workers=67(1 idle) | buildings: barracks=7/7(idle=6) factory=3/4(idle=3) starport=1/2(idle=1) | addons: barrackstechlab=4 factorytechlab=3[0m
[32m2026-05-08 21:29:09.264[0m | [1mINFO    [0m | [36mares.behaviors.macro.production_controller[0m:[36m_building_production_due_to_bank[0m:[36m264[0m - [1mAdding UnitTypeId.BARRACKS as income level will support this.[0m
[32m2026-05-08 21:29:17.675[0m | [1mINFO    [0m | [36mbot.strategy[0m:[36m_log_production_diagnostics[0m:[36m413[0m - [1mprod t=1155.1s | min=410 gas=3570 | supply=200/200(0 left) | workers=66(1 idle) | buildings: barracks=7/7(idle=7) factory=3/4(idle=3) starport=2/2(idle=2) | addons: barrackstechlab=4 factorytechlab=3[0m
[32m2026-05-08 21:29:23.914[0m | [1mINFO    [0m | [36mares.behaviors.macro.production_controller[0m:[36m_building_production_due_to_bank[0m:[36m264[0m - [1mAdding UnitTypeId.BARRACKS as income level will support this.[0m
[32m2026-05-08 21:29:26.552[0m | [1mINFO    [0m | [36mbot.strategy[0m:[36m_log_status_periodically[0m:[36m331[0m - [1mstrategy t=1170.1s phase=late army=130/25 (ATTACK) target=(156,134) unit_count=113[0m
[32m2026-05-08 21:29:26.552[0m | [1mINFO    [0m | [36mbot.strategy[0m:[36m_log_production_diagnostics[0m:[36m413[0m - [1mprod t=1170.1s | min=750 gas=3734 | supply=200/200(0 left) | workers=67(1 idle) | buildings: barracks=7/8(idle=7) factory=3/4(idle=3) starport=2/2(idle=2) | addons: barrackstechlab=4 factorytechlab=3[0m
[32m2026-05-08 21:29:30.058[0m | [1mINFO    [0m | [36mares.behaviors.macro.production_controller[0m:[36m_building_production_due_to_bank[0m:[36m264[0m - [1mAdding UnitTypeId.BARRACKS as income level will support this.[0m
[32m2026-05-08 21:29:35.578[0m | [1mINFO    [0m | [36mbot.strategy[0m:[36m_log_production_diagnostics[0m:[36m413[0m - [1mprod t=1185.1s | min=1180 gas=3894 | supply=200/200(0 left) | workers=66(1 idle) | buildings: barracks=7/9(idle=7) factory=4/4(idle=4) starport=2/2(idle=2) | addons: barrackstechlab=4 factorytechlab=3[0m
[32m2026-05-08 21:29:44.800[0m | [1mINFO    [0m | [36mares.behaviors.macro.production_controller[0m:[36m_building_production_due_to_bank[0m:[36m264[0m - [1mAdding UnitTypeId.BARRACKS as income level will support this.[0m
[32m2026-05-08 21:29:44.833[0m | [1mINFO    [0m | [36mbot.strategy[0m:[36m_log_status_periodically[0m:[36m331[0m - [1mstrategy t=1200.1s phase=late army=130/25 (ATTACK) target=(156,134) unit_count=113[0m
[32m2026-05-08 21:29:44.833[0m | [1mINFO    [0m | [36mbot.strategy[0m:[36m_log_production_diagnostics[0m:[36m413[0m - [1mprod t=1200.1s | min=1625 gas=4062 | supply=200/200(0 left) | workers=66(1 idle) | buildings: barracks=7/10(idle=7) factory=4/4(idle=4) starport=2/2(idle=2) | addons: barrackstechlab=4 factorytechlab=3[0m
[32m2026-05-08 21:29:54.340[0m | [1mINFO    [0m | [36mbot.strategy[0m:[36m_log_production_diagnostics[0m:[36m413[0m - [1mprod t=1215.1s | min=2055 gas=4226 | supply=200/200(0 left) | workers=66(1 idle) | buildings: barracks=8/10(idle=8) factory=4/4(idle=4) starport=2/2(idle=2) | addons: barrackstechlab=4 factorytechlab=3[0m
[32m2026-05-08 21:30:02.780[0m | [1mINFO    [0m | [36mares.behaviors.macro.production_controller[0m:[36m_building_production_due_to_bank[0m:[36m264[0m - [1mAdding UnitTypeId.BARRACKS as income level will support this.[0m
[32m2026-05-08 21:30:04.000[0m | [1mINFO    [0m | [36mbot.strategy[0m:[36m_log_status_periodically[0m:[36m331[0m - [1mstrategy t=1230.1s phase=late army=130/25 (ATTACK) target=(156,134) unit_count=113[0m
[32m2026-05-08 21:30:04.002[0m | [1mINFO    [0m | [36mbot.strategy[0m:[36m_log_production_diagnostics[0m:[36m413[0m - [1mprod t=1230.1s | min=2580 gas=4386 | supply=200/200(0 left) | workers=66(1 idle) | buildings: barracks=9/11(idle=9) factory=4/4(idle=4) starport=2/2(idle=2) | addons: barrackstechlab=4 factorytechlab=3[0m
[32m2026-05-08 21:30:13.449[0m | [1mINFO    [0m | [36mbot.strategy[0m:[36m_log_production_diagnostics[0m:[36m413[0m - [1mprod t=1245.1s | min=3155 gas=4558 | supply=200/200(0 left) | workers=65(1 idle) | buildings: barracks=10/12(idle=10) factory=4/4(idle=4) starport=2/2(idle=2) | addons: barrackstechlab=4 factorytechlab=3[0m
[32m2026-05-08 21:30:23.041[0m | [1mINFO    [0m | [36mbot.strategy[0m:[36m_log_status_periodically[0m:[36m331[0m - [1mstrategy t=1260.1s phase=late army=130/25 (ATTACK) target=(156,134) unit_count=113[0m
[32m2026-05-08 21:30:23.041[0m | [1mINFO    [0m | [36mbot.strategy[0m:[36m_log_production_diagnostics[0m:[36m413[0m - [1mprod t=1260.1s | min=3895 gas=4798 | supply=200/200(0 left) | workers=65(1 idle) | buildings: barracks=10/12(idle=10) factory=4/4(idle=4) starport=2/2(idle=2) | addons: barrackstechlab=4 factorytechlab=3[0m
[32m2026-05-08 21:30:32.577[0m | [1mINFO    [0m | [36mbot.strategy[0m:[36m_log_production_diagnostics[0m:[36m413[0m - [1mprod t=1275.1s | min=4585 gas=5038 | supply=200/200(0 left) | workers=65(1 idle) | buildings: barracks=11/12(idle=11) factory=4/4(idle=4) starport=2/2(idle=2) | addons: barrackstechlab=4 factorytechlab=3[0m
[32m2026-05-08 21:30:42.811[0m | [1mINFO    [0m | [36mbot.strategy[0m:[36m_log_status_periodically[0m:[36m331[0m - [1mstrategy t=1290.1s phase=late army=130/25 (ATTACK) target=(156,134) unit_count=113[0m
[32m2026-05-08 21:30:42.811[0m | [1mINFO    [0m | [36mbot.strategy[0m:[36m_log_production_diagnostics[0m:[36m413[0m - [1mprod t=1290.1s | min=5295 gas=5290 | supply=200/200(0 left) | workers=66(1 idle) | buildings: barracks=12/12(idle=12) factory=4/4(idle=4) starport=2/2(idle=2) | addons: barrackstechlab=4 factorytechlab=3[0m
[32m2026-05-08 21:30:52.419[0m | [1mINFO    [0m | [36mbot.strategy[0m:[36m_log_production_diagnostics[0m:[36m413[0m - [1mprod t=1305.1s | min=5995 gas=5538 | supply=200/200(0 left) | workers=65(1 idle) | buildings: barracks=12/12(idle=12) factory=4/4(idle=4) starport=2/2(idle=2) | addons: barrackstechlab=4 factorytechlab=3[0m
[32m2026-05-08 21:31:02.200[0m | [1mINFO    [0m | [36mbot.strategy[0m:[36m_log_status_periodically[0m:[36m331[0m - [1mstrategy t=1320.1s phase=late army=130/25 (ATTACK) target=(156,134) unit_count=113[0m
[32m2026-05-08 21:31:02.200[0m | [1mINFO    [0m | [36mbot.strategy[0m:[36m_log_production_diagnostics[0m:[36m413[0m - [1mprod t=1320.1s | min=6665 gas=5778 | supply=200/200(0 left) | workers=65(1 idle) | buildings: barracks=12/12(idle=12) factory=4/4(idle=4) starport=2/2(idle=2) | addons: barrackstechlab=4 factorytechlab=3[0m
[32m2026-05-08 21:31:12.154[0m | [1mINFO    [0m | [36mbot.strategy[0m:[36m_log_production_diagnostics[0m:[36m413[0m - [1mprod t=1335.1s | min=7280 gas=6022 | supply=200/200(0 left) | workers=66(1 idle) | buildings: barracks=12/12(idle=12) factory=4/4(idle=4) starport=2/2(idle=2) | addons: barrackstechlab=4 factorytechlab=3[0m
[32m2026-05-08 21:31:21.997[0m | [1mINFO    [0m | [36mbot.strategy[0m:[36m_log_status_periodically[0m:[36m331[0m - [1mstrategy t=1350.1s phase=late army=130/25 (ATTACK) target=(156,134) unit_count=113[0m
[32m2026-05-08 21:31:21.999[0m | [1mINFO    [0m | [36mbot.strategy[0m:[36m_log_production_diagnostics[0m:[36m413[0m - [1mprod t=1350.1s | min=7900 gas=6262 | supply=200/200(0 left) | workers=65(1 idle) | buildings: barracks=12/12(idle=12) factory=4/4(idle=4) starport=2/2(idle=2) | addons: barrackstechlab=4 factorytechlab=3[0m
[32m2026-05-08 21:31:31.844[0m | [1mINFO    [0m | [36mbot.strategy[0m:[36m_log_production_diagnostics[0m:[36m413[0m - [1mprod t=1365.1s | min=8505 gas=6510 | supply=200/200(0 left) | workers=65(1 idle) | buildings: barracks=12/12(idle=12) factory=4/4(idle=4) starport=2/2(idle=2) | addons: barrackstechlab=4 factorytechlab=3[0m
[32m2026-05-08 21:31:43.459[0m | [1mINFO    [0m | [36mbot.strategy[0m:[36m_log_status_periodically[0m:[36m331[0m - [1mstrategy t=1380.1s phase=late army=130/25 (ATTACK) target=(156,134) unit_count=113[0m
[32m2026-05-08 21:31:43.459[0m | [1mINFO    [0m | [36mbot.strategy[0m:[36m_log_production_diagnostics[0m:[36m413[0m - [1mprod t=1380.1s | min=9100 gas=6754 | supply=200/200(0 left) | workers=65(1 idle) | buildings: barracks=12/12(idle=12) factory=4/4(idle=4) starport=2/2(idle=2) | addons: barrackstechlab=4 factorytechlab=3[0m
[32m2026-05-08 21:31:53.267[0m | [1mINFO    [0m | [36mbot.strategy[0m:[36m_log_production_diagnostics[0m:[36m413[0m - [1mprod t=1395.1s | min=9685 gas=7002 | supply=200/200(0 left) | workers=65(1 idle) | buildings: barracks=12/12(idle=12) factory=4/4(idle=4) starport=2/2(idle=2) | addons: barrackstechlab=4 factorytechlab=3[0m
[32m2026-05-08 21:32:03.504[0m | [1mINFO    [0m | [36mbot.strategy[0m:[36m_log_status_periodically[0m:[36m331[0m - [1mstrategy t=1410.1s phase=late army=130/25 (ATTACK) target=(156,134) unit_count=113[0m
[32m2026-05-08 21:32:03.504[0m | [1mINFO    [0m | [36mbot.strategy[0m:[36m_log_production_diagnostics[0m:[36m413[0m - [1mprod t=1410.1s | min=10280 gas=7246 | supply=200/200(0 left) | workers=65(1 idle) | buildings: barracks=12/12(idle=12) factory=4/4(idle=4) starport=2/2(idle=2) | addons: barrackstechlab=4 factorytechlab=3[0m
[32m2026-05-08 21:32:13.212[0m | [1mINFO    [0m | [36mbot.strategy[0m:[36m_log_production_diagnostics[0m:[36m413[0m - [1mprod t=1425.1s | min=10815 gas=7486 | supply=200/200(0 left) | workers=65(1 idle) | buildings: barracks=12/12(idle=12) factory=4/4(idle=4) starport=2/2(idle=2) | addons: barrackstechlab=4 factorytechlab=3[0m
